\BOOKMARK [1][-]{section.1}{\376\377\004\042\004\065\004\076\004\100\004\070\004\117\000\040\004\063\004\100\004\060\004\104\004\076\004\062}{}% 1
\BOOKMARK [2][-]{Item.1}{\376\377\000\040\004\036\004\101\004\075\004\076\004\062\004\075\004\113\004\065\000\040\004\076\004\077\004\100\004\065\004\064\004\065\004\073\004\065\004\075\004\070\004\117\000.}{section.1}% 2
\BOOKMARK [2][-]{Item.2}{\376\377\000\040\004\034\004\076\004\100\004\104\004\070\004\067\004\074\004\113\000\040\004\063\004\100\004\060\004\104\004\076\004\062\000.}{section.1}% 3
\BOOKMARK [2][-]{Item.3}{\376\377\000\040\004\037\004\103\004\102\004\070\000\040\004\070\000\040\004\100\004\060\004\101\004\101\004\102\004\076\004\117\004\075\004\070\004\117\000.}{section.1}% 4
\BOOKMARK [2][-]{Item.4}{\376\377\000\040\004\055\004\071\004\073\004\065\004\100\004\076\004\062\004\113\000\040\004\063\004\100\004\060\004\104\004\113\000.}{section.1}% 5
\BOOKMARK [2][-]{Item.5}{\376\377\000\040\004\023\004\060\004\074\004\070\004\073\004\114\004\102\004\076\004\075\004\076\004\062\004\113\000\040\004\063\004\100\004\060\004\104\004\113\000.}{section.1}% 6
\BOOKMARK [2][-]{Item.6}{\376\377\000\040\004\024\004\062\004\103\004\064\004\076\004\073\004\114\004\075\004\113\004\065\000\040\004\063\004\100\004\060\004\104\004\113\000.}{section.1}% 7
\BOOKMARK [2][-]{Item.7}{\376\377\000\040\004\042\004\065\004\076\004\100\004\065\004\074\004\060\000\040\004\045\004\076\004\073\004\073\004\060\000.}{section.1}% 8
\BOOKMARK [2][-]{Item.10}{\376\377\000\040\004\042\004\065\004\076\004\100\004\065\004\074\004\060\000\040\004\042\004\060\004\102\004\102\004\060\000.}{section.1}% 9
\BOOKMARK [2][-]{Item.11}{\376\377\000\040\004\041\004\062\004\117\004\067\004\075\004\076\004\101\004\102\004\114\000.}{section.1}% 10
\BOOKMARK [2][-]{Item.12}{\376\377\000\040\004\042\004\065\004\076\004\100\004\065\004\074\004\060\000\040\004\043\004\070\004\102\004\075\004\070\000.}{section.1}% 11
\BOOKMARK [2][-]{Item.13}{\376\377\000\040\004\042\004\065\004\076\004\100\004\065\004\074\004\060\000\040\004\034\004\065\004\075\004\063\004\065\004\100\004\060\000.}{section.1}% 12
\BOOKMARK [2][-]{Item.17}{\376\377\000\040\004\024\004\065\004\100\004\065\004\062\004\114\004\117\000.}{section.1}% 13
\BOOKMARK [2][-]{Item.27}{\376\377\000\040\004\020\004\073\004\063\004\076\004\100\004\070\004\102\004\074\000\040\004\024\004\065\004\071\004\072\004\101\004\102\004\100\004\113\000.}{section.1}% 14
\BOOKMARK [2][-]{Item.34}{\376\377\000\040\004\020\004\073\004\063\004\076\004\100\004\070\004\102\004\074\000\040\004\044\004\076\004\100\004\064\004\060\000-\004\021\004\065\004\073\004\074\004\060\004\075\004\060\000.}{section.1}% 15
\BOOKMARK [2][-]{Item.38}{\376\377\000\040\004\020\004\073\004\063\004\076\004\100\004\070\004\102\004\074\000\040\004\044\004\073\004\076\004\071\004\064\004\060\000-\004\043\004\076\004\100\004\110\004\065\004\073\004\073\004\060\000.}{section.1}% 16
\BOOKMARK [2][-]{Item.42}{\376\377\000\040\004\030\004\065\004\100\004\060\004\100\004\105\004\070\004\107\004\065\004\101\004\072\004\060\004\117\000\040\004\072\004\073\004\060\004\101\004\102\004\065\004\100\004\070\004\067\004\060\004\106\004\070\004\117\000.}{section.1}% 17
\BOOKMARK [1][-]{section.2}{\376\377\004\032\004\076\004\074\004\061\004\070\004\075\004\060\004\102\004\076\004\100\004\070\004\072\004\060}{}% 18
\BOOKMARK [2][-]{Item.51}{\376\377\000\040\004\043\004\077\004\076\004\100\004\117\004\064\004\076\004\107\004\065\004\075\004\075\004\113\004\065\000\040\004\100\004\060\004\067\004\074\004\065\004\111\004\065\004\075\004\070\004\117\000.\000\040\004\037\004\065\004\100\004\065\004\101\004\102\004\060\004\075\004\076\004\062\004\072\004\070\000\040\004\070\000\040\000k\000-\004\077\004\065\004\100\004\065\004\101\004\102\004\060\004\075\004\076\004\062\004\072\004\070\000.}{section.2}% 19
\BOOKMARK [2][-]{Item.52}{\376\377\000\040\004\034\004\103\004\073\004\114\004\102\004\070\004\074\004\075\004\076\004\066\004\065\004\101\004\102\004\062\004\060\000.}{section.2}% 20
\BOOKMARK [2][-]{Item.53}{\376\377\000\040\004\041\004\076\004\107\004\065\004\102\004\060\004\075\004\070\004\117\000.}{section.2}% 21
\BOOKMARK [2][-]{Item.54}{\376\377\000\040\004\032\004\076\004\074\004\077\004\076\004\067\004\070\004\106\004\070\004\070\000.}{section.2}% 22
\BOOKMARK [2][-]{Item.55}{\376\377\000\040\004\040\004\060\004\067\004\061\004\070\004\065\004\075\004\070\004\117\000\040\004\074\004\075\004\076\004\066\004\065\004\101\004\102\004\062\000.\000\040\004\047\004\070\004\101\004\073\004\060\000\040\004\041\004\102\004\070\004\100\004\073\004\070\004\075\004\063\004\060\000\040\004\062\004\102\004\076\004\100\004\076\004\063\004\076\000\040\004\100\004\076\004\064\004\060\000.}{section.2}% 23
\BOOKMARK [2][-]{Item.56}{\376\377\000\040\004\040\004\060\004\067\004\061\004\070\004\065\004\075\004\070\004\117\000\040\004\107\004\070\004\101\004\065\004\073\000.}{section.2}% 24
\BOOKMARK [2][-]{Item.57}{\376\377\000\040\004\037\004\100\004\070\004\075\004\106\004\070\004\077\000\040\004\062\004\072\004\073\004\116\004\107\004\065\004\075\004\070\004\117\000-\004\070\004\101\004\072\004\073\004\116\004\107\004\065\004\075\004\070\004\117\000.}{section.2}% 25
\BOOKMARK [1][-]{section.3}{\376\377\004\032\004\076\004\075\004\065\004\107\004\075\004\113\004\065\000\040\004\060\004\062\004\102\004\076\004\074\004\060\004\102\004\113}{}% 26
\BOOKMARK [2][-]{Item.60}{\376\377\000\040\004\044\004\076\004\100\004\074\004\060\004\073\004\114\004\075\004\113\004\065\000\040\004\117\004\067\004\113\004\072\004\070\000.\000\040\004\036\004\077\004\065\004\100\004\060\004\106\004\070\004\070\000\040\004\075\004\060\004\064\000\040\004\104\004\076\004\100\004\074\004\060\004\073\004\114\004\075\004\113\004\074\004\070\000\040\004\117\004\067\004\113\004\072\004\060\004\074\004\070\000.}{section.3}% 27
\BOOKMARK [2][-]{Item.61}{\376\377\000\040\004\040\004\065\004\063\004\103\004\073\004\117\004\100\004\075\004\113\004\065\000\040\004\117\004\067\004\113\004\072\004\070\000.\000\040\004\040\004\065\004\063\004\103\004\073\004\117\004\100\004\075\004\113\004\065\000\040\004\062\004\113\004\100\004\060\004\066\004\065\004\075\004\070\004\117\000.}{section.3}% 28
\BOOKMARK [2][-]{Item.62}{\376\377\000\040\004\024\004\065\004\102\004\065\004\100\004\074\004\070\004\075\004\070\004\100\004\076\004\062\004\060\004\075\004\075\004\113\004\071\000\040\004\072\004\076\004\075\004\065\004\107\004\075\004\113\004\071\000\040\004\060\004\062\004\102\004\076\004\074\004\060\004\102\000.}{section.3}% 29
\BOOKMARK [2][-]{Item.63}{\376\377\000\040\004\035\004\065\004\064\004\065\004\102\004\065\004\100\004\074\004\070\004\075\004\070\004\100\004\076\004\062\004\060\004\075\004\075\004\113\004\071\000\040\004\072\004\076\004\075\004\065\004\107\004\075\004\113\004\071\000\040\004\060\004\062\004\102\004\076\004\074\004\060\004\102\000.}{section.3}% 30
\BOOKMARK [2][-]{Item.64}{\376\377\000\040\004\037\004\100\004\065\004\076\004\061\004\100\004\060\004\067\004\076\004\062\004\060\004\075\004\070\004\065\000\040\004\035\004\032\004\020\000\040\004\062\000\040\004\024\004\032\004\020\000.}{section.3}% 31
\BOOKMARK [2][-]{Item.74}{\376\377\000\040\000\040\000-\004\035\004\032\004\020\000.\000\040\004\037\004\100\004\065\004\076\004\061\004\100\004\060\004\067\004\076\004\062\004\060\004\075\004\070\004\065\000\040\000\040\000-\004\035\004\032\004\020\000\040\004\062\000\040\004\035\004\032\004\020\000.}{section.3}% 32
\BOOKMARK [2][-]{Item.79}{\376\377\000\040\004\037\004\076\004\101\004\102\004\100\004\076\004\065\004\075\004\070\004\065\000\040\000-\004\035\004\032\004\020\000\040\004\077\004\076\000\040\004\100\004\065\004\063\004\103\004\073\004\117\004\100\004\075\004\076\004\074\004\103\000\040\004\062\004\113\004\100\004\060\004\066\004\065\004\075\004\070\004\116\000\040\000\050\004\077\004\076\004\101\004\102\004\100\004\076\004\065\004\075\004\070\004\065\000\040\004\042\004\076\004\074\004\077\004\101\004\076\004\075\004\060\000\051\000.}{section.3}% 33
\BOOKMARK [2][-]{Item.80}{\376\377\000\040\004\042\004\065\004\076\004\100\004\065\004\074\004\060\000\040\004\032\004\073\004\070\004\075\004\070\000.}{section.3}% 34
\BOOKMARK [1][-]{section.4}{\376\377\004\040\004\065\004\072\004\103\004\100\004\100\004\065\004\075\004\102\004\075\004\113\004\065\000\040\004\101\004\076\004\076\004\102\004\075\004\076\004\110\004\065\004\075\004\070\004\117}{}% 35
\BOOKMARK [2][-]{Item.81}{\376\377\000\040\004\040\004\065\004\072\004\072\004\103\004\100\004\065\004\075\004\102\004\075\004\113\004\065\000\040\004\101\004\076\004\076\004\102\004\075\004\076\004\110\004\065\004\075\004\070\004\117\000.\000\040\004\045\004\060\004\100\004\060\004\072\004\102\004\065\004\100\004\070\004\101\004\102\004\070\004\107\004\065\004\101\004\072\004\070\004\065\000\040\004\103\004\100\004\060\004\062\004\075\004\065\004\075\004\070\004\117\000.}{section.4}% 36
\BOOKMARK [2][-]{Item.82}{\376\377\000\040\004\020\004\101\004\070\004\074\004\077\004\102\004\076\004\102\004\070\004\107\004\065\004\101\004\072\004\070\004\071\000\040\004\060\004\075\004\060\004\073\004\070\004\067\000.\000\040\004\020\004\073\004\063\004\076\004\100\004\070\004\102\004\074\004\113\000\040\004\100\004\060\004\067\004\064\004\065\004\073\004\117\004\071\000-\004\070\000-\004\062\004\073\004\060\004\101\004\102\004\062\004\103\004\071\000.}{section.4}% 37
\BOOKMARK [2][-]{Item.83}{\376\377\000\040\004\034\004\060\004\101\004\102\004\065\004\100\000\040\004\102\004\065\004\076\004\100\004\065\004\074\004\060\000.}{section.4}% 38
\BOOKMARK [2][-]{Item.90}{\376\377\000\040\004\034\004\065\004\102\004\076\004\064\000\040\004\020\004\072\004\100\004\060\000-\004\021\004\060\004\106\004\106\004\070\000.}{section.4}% 39
\BOOKMARK [2][-]{Item.91}{\376\377\000\040\004\037\004\100\004\076\004\070\004\067\004\062\004\076\004\064\004\117\004\111\004\070\004\065\000\040\004\104\004\103\004\075\004\072\004\106\004\070\004\070\000.}{section.4}% 40
\BOOKMARK [2][-]{Item.103}{\376\377\000\040\004\036\004\077\004\065\004\100\004\060\004\102\004\076\004\100\004\113\000\040\004\070\000\040\004\060\004\075\004\075\004\070\004\063\004\070\004\073\004\117\004\102\004\076\004\100\004\113\000.}{section.4}% 41
